<?xml version="1.0" encoding="UTF-8"?>
<!-- Generated by org.testng.reporters.JUnitReportReporter -->
<testsuite hostname="TYSS-Aniruddha-Das" failures="0" tests="6" name="sample_Tc_Repo.Tc_01" time="0.021" errors="0" timestamp="2024-05-13T10:11:57 IST" skipped="0">
  <testcase classname="sample_Tc_Repo.Tc_01" name="createUser" time="0.013"/>
  <system-out/>
  <testcase classname="sample_Tc_Repo.Tc_01" name="createUser" time="0.002"/>
  <system-out/>
  <testcase classname="sample_Tc_Repo.Tc_01" name="createUser" time="0.001"/>
  <system-out/>
  <testcase classname="sample_Tc_Repo.Tc_01" name="createUser" time="0.002"/>
  <system-out/>
  <testcase classname="sample_Tc_Repo.Tc_01" name="createUser" time="0.001"/>
  <system-out/>
  <testcase classname="sample_Tc_Repo.Tc_01" name="modifyUser" time="0.002"/>
  <system-out/>
</testsuite> <!-- sample_Tc_Repo.Tc_01 -->
