<?xml version="1.0" encoding="UTF-8"?>
<!-- Generated by org.testng.reporters.JUnitReportReporter -->
<testsuite hostname="TYSS-Aniruddha-Das" failures="0" tests="1" name="tc_Repository.PI_01" time="5.813" errors="0" timestamp="2024-05-15T09:54:04 IST" skipped="0">
  <testcase classname="tc_Repository.PI_01" name="pimModule" time="5.813"/>
  <system-out/>
</testsuite> <!-- tc_Repository.PI_01 -->
